0 verbose cli /data/data/com.termux/files/usr/bin/node /data/data/com.termux/files/usr/bin/npm
1 info using npm@10.7.0
2 info using node@v22.2.0
3 silly config:load:file:/data/data/com.termux/files/usr/lib/node_modules/npm/npmrc
4 silly config:load:file:/data/data/com.termux/files/home/.npmrc
5 silly config:load:file:/data/data/com.termux/files/usr/etc/npmrc
6 verbose title npm install xytta
7 verbose argv "install" "xytta"
8 verbose logfile logs-max:10 dir:/data/data/com.termux/files/home/.npm/_logs/2024-06-05T09_41_56_897Z-
9 verbose logfile /data/data/com.termux/files/home/.npm/_logs/2024-06-05T09_41_56_897Z-debug-0.log
10 silly logfile start cleaning logs, removing 1 files
11 silly logfile done cleaning log files
12 silly idealTree buildDeps
13 silly fetch manifest xytta@*
14 http fetch GET 200 https://registry.npmjs.org/xytta 1127ms (cache miss)
15 silly placeDep ROOT xytta@1.0.0 OK for: xytta@1.0.0 want: *
16 silly reify moves {}
17 silly audit bulk request { xytta: [ '1.0.0' ], livinjs: [ '1.0.0' ] }
18 http fetch POST 200 https://registry.npmjs.org/-/npm/v1/security/advisories/bulk 383ms
19 silly audit report {}
20 silly ADD node_modules/xytta
21 verbose exit 0
22 info ok
